{
  "stats": {
    "suites": 1,
    "tests": 1,
    "passes": 1,
    "pending": 0,
    "failures": 0,
    "start": "2025-07-13T05:59:12.043Z",
    "end": "2025-07-13T05:59:12.222Z",
    "duration": 179,
    "testsRegistered": 1,
    "passPercent": 100,
    "pendingPercent": 0,
    "other": 0,
    "hasOther": false,
    "skipped": 0,
    "hasSkipped": false
  },
  "results": [
    {
      "uuid": "3b17a2d2-c8a1-4e0a-a34c-e63259aeff01",
      "title": "",
      "fullFile": "cypress\\e2e\\apitest.cy.js",
      "file": "cypress\\e2e\\apitest.cy.js",
      "beforeHooks": [],
      "afterHooks": [],
      "tests": [],
      "suites": [
        {
          "uuid": "08068699-6a8c-460b-8785-cf97ec01fdb8",
          "title": "first api testing",
          "fullFile": "",
          "file": "",
          "beforeHooks": [],
          "afterHooks": [],
          "tests": [
            {
              "title": "number one",
              "fullTitle": "first api testing number one",
              "timedOut": null,
              "duration": 147,
              "state": "passed",
              "speed": "fast",
              "pass": true,
              "fail": false,
              "pending": false,
              "context": null,
              "code": "",
              "err": {},
              "uuid": "ac54dfc9-9e77-4ebc-a5aa-ba3c03d12d07",
              "parentUUID": "08068699-6a8c-460b-8785-cf97ec01fdb8",
              "isHook": false,
              "skipped": false
            }
          ],
          "suites": [],
          "passes": [
            "ac54dfc9-9e77-4ebc-a5aa-ba3c03d12d07"
          ],
          "failures": [],
          "pending": [],
          "skipped": [],
          "duration": 147,
          "root": false,
          "rootEmpty": false,
          "_timeout": 2000
        }
      ],
      "passes": [],
      "failures": [],
      "pending": [],
      "skipped": [],
      "duration": 0,
      "root": true,
      "rootEmpty": true,
      "_timeout": 2000
    }
  ],
  "meta": {
    "mocha": {
      "version": "7.2.0"
    },
    "mochawesome": {
      "options": {
        "quiet": false,
        "reportFilename": "mochawesome",
        "saveHtml": false,
        "saveJson": true,
        "consoleReporter": "spec",
        "useInlineDiffs": false,
        "code": false
      },
      "version": "7.1.3"
    },
    "marge": {
      "options": {
        "charts": true,
        "reportPageTitle": "custom-title",
        "embeddedScreenshots": true,
        "inlineAssets": true,
        "saveAllAttempts": false,
        "autoOpen": true,
        "overwrite": false,
        "code": false,
        "html": false,
        "json": true,
        "reportDir": "cypress\\reports\\html\\.jsons"
      },
      "version": "6.2.0"
    }
  }
}